03-Sep-2024 18:15:07.721 INFO [main] org.apache.catalina.startup.VersionLoggerListener.log Server version name:   Apache Tomcat/9.0.93
03-Sep-2024 18:15:07.729 INFO [main] org.apache.catalina.startup.VersionLoggerListener.log Server built:          Aug 2 2024 21:24:59 UTC
03-Sep-2024 18:15:07.730 INFO [main] org.apache.catalina.startup.VersionLoggerListener.log Server version number: 9.0.93.0
03-Sep-2024 18:15:07.730 INFO [main] org.apache.catalina.startup.VersionLoggerListener.log OS Name:               Windows 11
03-Sep-2024 18:15:07.730 INFO [main] org.apache.catalina.startup.VersionLoggerListener.log OS Version:            10.0
03-Sep-2024 18:15:07.730 INFO [main] org.apache.catalina.startup.VersionLoggerListener.log Architecture:          amd64
03-Sep-2024 18:15:07.732 INFO [main] org.apache.catalina.startup.VersionLoggerListener.log Java Home:             C:\Program Files\Java\jdk-19
03-Sep-2024 18:15:07.732 INFO [main] org.apache.catalina.startup.VersionLoggerListener.log JVM Version:           19+36-2238
03-Sep-2024 18:15:07.732 INFO [main] org.apache.catalina.startup.VersionLoggerListener.log JVM Vendor:            Oracle Corporation
03-Sep-2024 18:15:07.732 INFO [main] org.apache.catalina.startup.VersionLoggerListener.log CATALINA_BASE:         D:\Development\webServer\Deployments\shop_n_happy
03-Sep-2024 18:15:07.732 INFO [main] org.apache.catalina.startup.VersionLoggerListener.log CATALINA_HOME:         D:\Development\webServer\apache-tomcat-9.0.93
03-Sep-2024 18:15:07.754 INFO [main] org.apache.catalina.startup.VersionLoggerListener.log Command line argument: --add-opens=java.base/java.lang=ALL-UNNAMED
03-Sep-2024 18:15:07.754 INFO [main] org.apache.catalina.startup.VersionLoggerListener.log Command line argument: --add-opens=java.base/java.io=ALL-UNNAMED
03-Sep-2024 18:15:07.754 INFO [main] org.apache.catalina.startup.VersionLoggerListener.log Command line argument: --add-opens=java.base/java.util=ALL-UNNAMED
03-Sep-2024 18:15:07.755 INFO [main] org.apache.catalina.startup.VersionLoggerListener.log Command line argument: --add-opens=java.base/java.util.concurrent=ALL-UNNAMED
03-Sep-2024 18:15:07.755 INFO [main] org.apache.catalina.startup.VersionLoggerListener.log Command line argument: --add-opens=java.rmi/sun.rmi.transport=ALL-UNNAMED
03-Sep-2024 18:15:07.755 INFO [main] org.apache.catalina.startup.VersionLoggerListener.log Command line argument: -Dcatalina.home=D:\Development\webServer\apache-tomcat-9.0.93
03-Sep-2024 18:15:07.755 INFO [main] org.apache.catalina.startup.VersionLoggerListener.log Command line argument: -Dcatalina.base=D:\Development\webServer\Deployments\shop_n_happy
03-Sep-2024 18:15:07.755 INFO [main] org.apache.catalina.startup.VersionLoggerListener.log Command line argument: -Djava.io.tmpdir=D:\Development\webServer\Deployments\shop_n_happy\temp
03-Sep-2024 18:15:07.756 INFO [main] org.apache.catalina.startup.VersionLoggerListener.log Command line argument: -Djava.util.logging.config.file=D:\Development\webServer\Deployments\shop_n_happy\conf\logging.properties
03-Sep-2024 18:15:07.756 INFO [main] org.apache.catalina.startup.VersionLoggerListener.log Command line argument: -Djava.util.logging.manager=org.apache.juli.ClassLoaderLogManager
03-Sep-2024 18:15:07.756 INFO [main] org.apache.catalina.startup.VersionLoggerListener.log Command line argument: -javaagent:C:\INTELLIJ\IntelliJ IDEA Community Edition 2024.2\lib\idea_rt.jar=53234:C:\INTELLIJ\IntelliJ IDEA Community Edition 2024.2\bin
03-Sep-2024 18:15:07.756 INFO [main] org.apache.catalina.startup.VersionLoggerListener.log Command line argument: -Dfile.encoding=UTF-8
03-Sep-2024 18:15:07.756 INFO [main] org.apache.catalina.startup.VersionLoggerListener.log Command line argument: -Dsun.stdout.encoding=UTF-8
03-Sep-2024 18:15:07.757 INFO [main] org.apache.catalina.startup.VersionLoggerListener.log Command line argument: -Dsun.stderr.encoding=UTF-8
03-Sep-2024 18:15:07.773 INFO [main] org.apache.catalina.core.AprLifecycleListener.lifecycleEvent The Apache Tomcat Native library which allows using OpenSSL was not found on the java.library.path: [C:\Program Files\Java\jdk-19\bin;C:\WINDOWS\Sun\Java\bin;C:\WINDOWS\system32;C:\WINDOWS;C:\Python312\Scripts\;C:\Python312\;C:\Program Files\Common Files\Oracle\Java\javapath;C:\WINDOWS\system32;C:\WINDOWS;C:\WINDOWS\System32\Wbem;C:\WINDOWS\System32\WindowsPowerShell\v1.0\;C:\WINDOWS\System32\OpenSSH\;C:\Program Files\Intel\WiFi\bin\;C:\Program Files\Common Files\Intel\WirelessCommon\;C:\ProgramData\chocolatey\bin;C:\Program Files\Java\jdk-19\bin;C:\Program Files\MySQL\MySQL Server 8.0\bin;C:\Program Files\nodejs\;C:\Users\Adarsh D\AppData\Local\Microsoft\WindowsApps;C:\Program Files\CodeBlocks\MinGW\bin;C:\Users\Adarsh D\AppData\Local\Programs\Microsoft VS Code\bin;C:\mysql-connector-j-8.3.0.jar;C:\Users\Adarsh D\AppData\Roaming\npm;;C:\INTELLIJ\IntelliJ IDEA Community Edition 2024.2\bin;;.]
03-Sep-2024 18:15:08.818 INFO [main] org.apache.coyote.AbstractProtocol.init Initializing ProtocolHandler ["http-nio-8080"]
03-Sep-2024 18:15:08.878 INFO [main] org.apache.catalina.startup.Catalina.load Server initialization in [1750] milliseconds
03-Sep-2024 18:15:09.017 INFO [main] org.apache.catalina.core.StandardService.startInternal Starting service [Catalina]
03-Sep-2024 18:15:09.017 INFO [main] org.apache.catalina.core.StandardEngine.startInternal Starting Servlet engine: [Apache Tomcat/9.0.93]
03-Sep-2024 18:15:09.046 INFO [main] org.apache.catalina.startup.HostConfig.deployDescriptor Deploying deployment descriptor [D:\Development\webServer\Deployments\shop_n_happy\conf\Catalina\localhost\ROOT.xml]
03-Sep-2024 18:15:09.960 WARNING [main] org.apache.tomcat.util.descriptor.web.WebXml.setVersion Unknown version string [6.0]. Default version will be used.
03-Sep-2024 18:15:09.990 WARNING [main] org.apache.tomcat.util.descriptor.web.WebXml.setVersion Unknown version string [6.0]. Default version will be used.
03-Sep-2024 18:15:10.006 WARNING [main] org.apache.tomcat.util.descriptor.web.WebXml.setVersion Unknown version string [5.0]. Default version will be used.
03-Sep-2024 18:15:15.207 INFO [main] org.apache.jasper.servlet.TldScanner.scanJars At least one JAR was scanned for TLDs yet contained no TLDs. Enable debug logging for this logger for a complete list of JARs that were scanned but no TLDs were found in them. Skipping unneeded JARs during scanning can improve startup time and JSP compilation time.
03-Sep-2024 18:15:15.372 INFO [main] org.apache.catalina.startup.HostConfig.deployDescriptor Deployment of deployment descriptor [D:\Development\webServer\Deployments\shop_n_happy\conf\Catalina\localhost\ROOT.xml] has finished in [6,324] ms
03-Sep-2024 18:15:15.383 INFO [main] org.apache.coyote.AbstractProtocol.start Starting ProtocolHandler ["http-nio-8080"]
03-Sep-2024 18:15:15.493 INFO [main] org.apache.catalina.startup.Catalina.start Server startup in [6610] milliseconds
03-Sep-2024 18:15:24.281 INFO [Thread-1] org.apache.coyote.AbstractProtocol.pause Pausing ProtocolHandler ["http-nio-8080"]
03-Sep-2024 18:15:24.694 INFO [Thread-1] org.apache.catalina.core.StandardService.stopInternal Stopping service [Catalina]
03-Sep-2024 18:15:24.716 INFO [Thread-1] org.apache.coyote.AbstractProtocol.stop Stopping ProtocolHandler ["http-nio-8080"]
03-Sep-2024 18:15:24.726 INFO [Thread-1] org.apache.coyote.AbstractProtocol.destroy Destroying ProtocolHandler ["http-nio-8080"]
